


ARM Macro Assembler    Page 1 


    1 00000000         ; LCD.s
    2 00000000         ; Student names: change this to your names or look very 
                       silly
    3 00000000         ; Last modification date: change this to the last modifi
                       cation date or look very silly
    4 00000000         
    5 00000000         ; Runs on LM4F120/TM4C123
    6 00000000         ; Use SSI0 to send an 8-bit code to the ST7735 160x128 p
                       ixel LCD.
    7 00000000         
    8 00000000         ; As part of Lab 7, students need to implement these LCD
                       _WriteCommand and LCD_WriteData
    9 00000000         ; This driver assumes two low-level LCD functions
   10 00000000         
   11 00000000         ; Backlight (pin 10) connected to +3.3 V
   12 00000000         ; MISO (pin 9) unconnected
   13 00000000         ; SCK (pin 8) connected to PA2 (SSI0Clk)
   14 00000000         ; MOSI (pin 7) connected to PA5 (SSI0Tx)
   15 00000000         ; TFT_CS (pin 6) connected to PA3 (SSI0Fss)
   16 00000000         ; CARD_CS (pin 5) unconnected
   17 00000000         ; Data/Command (pin 4) connected to PA6 (GPIO)
   18 00000000         ; RESET (pin 3) connected to PA7 (GPIO)
   19 00000000         ; VCC (pin 2) connected to +3.3 V
   20 00000000         ; Gnd (pin 1) connected to ground
   21 00000000         
   22 00000000 400043FC 
                       GPIO_PORTA_DATA_R
                               EQU              0x400043FC
   23 00000000 40008008 
                       SSI0_DR_R
                               EQU              0x40008008
   24 00000000 4000800C 
                       SSI0_SR_R
                               EQU              0x4000800C
   25 00000000 00000004 
                       SSI_SR_RNE
                               EQU              0x00000004  ; SSI Receive FIFO 
                                                            Not Empty
   26 00000000 00000010 
                       SSI_SR_BSY
                               EQU              0x00000010  ; SSI Busy Bit
   27 00000000 00000002 
                       SSI_SR_TNF
                               EQU              0x00000002  ; SSI Transmit FIFO
                                                             Not Full
   28 00000000 40004100 
                       DC      EQU              0x40004100
   29 00000000 00000000 
                       DC_COMMAND
                               EQU              0
   30 00000000 00000040 
                       DC_DATA EQU              0x40
   31 00000000         
   32 00000000                 EXPORT           writecommand
   33 00000000                 EXPORT           writedata
   34 00000000         
   35 00000000                 AREA             |.text|, CODE, READONLY, ALIGN=
2
   36 00000000                 THUMB



ARM Macro Assembler    Page 2 


   37 00000000                 ALIGN
   38 00000000         
   39 00000000         ; The Data/Command pin must be valid when the eighth bit
                        is
   40 00000000         ; sent.  The SSI module has hardware input and output FI
                       FOs
   41 00000000         ; that are 8 locations deep.  Based on the observation t
                       hat
   42 00000000         ; the LCD interface tends to send a few commands and the
                       n a
   43 00000000         ; lot of data, the FIFOs are not used when writing
   44 00000000         ; commands, and they are used when writing data.  This
   45 00000000         ; ensures that the Data/Command pin status matches the b
                       yte
   46 00000000         ; that is actually being transmitted.
   47 00000000         ; The write command operation waits until all data has b
                       een
   48 00000000         ; sent, configures the Data/Command pin for commands, se
                       nds
   49 00000000         ; the command, and then waits for the transmission to
   50 00000000         ; finish.
   51 00000000         ; The write data operation waits until there is room in 
                       the
   52 00000000         ; transmit FIFO, configures the Data/Command pin for dat
                       a,
   53 00000000         ; and then adds the data to the transmit FIFO.
   54 00000000         ; NOTE: These functions will crash or stall indefinitely
                        if
   55 00000000         ; the SSI0 module is not initialized and enabled.
   56 00000000         
   57 00000000         ; This is a helper function that sends an 8-bit command 
                       to the LCD.
   58 00000000         ; Input: R0  8-bit command to transmit
   59 00000000         ; Output: none
   60 00000000         ; Assumes: SSI0 and port A have already been initialized
                        and enabled
   61 00000000         writecommand
   62 00000000         ;1) Read SSI0_SR_R and check bit 4, 
   63 00000000         ;2) If bit 4 is high, loop back to step 1 (wait for BUSY
                        bit to be low)
   64 00000000         ;3) Clear D/C=PA6 to zero
   65 00000000         ;4) Write the command to SSI0_DR_R
   66 00000000         ;5) Read SSI0_SR_R and check bit 4, 
   67 00000000         ;6) If bit 4 is high, loop back to step 5 (wait for BUSY
                        bit to be low)
   68 00000000         
   69 00000000 490F            LDR              R1, =SSI0_SR_R
   70 00000002         check_cmd
   71 00000002 680A            LDR              R2, [R1]
   72 00000004 F002 0210       AND              R2, #0x10
   73 00000008 2A00            CMP              R2, #0
   74 0000000A D1FA            BNE              check_cmd
   75 0000000C 490D            LDR              R1, =DC
   76 0000000E F04F 0200       LDR              R2, =DC_COMMAND
   77 00000012 600A            STR              R2, [R1]
   78 00000014 490C            LDR              R1, =SSI0_DR_R
   79 00000016 7008            STRB             R0, [R1]
   80 00000018 4909            LDR              R1, =SSI0_SR_R
   81 0000001A         recheck_cmd



ARM Macro Assembler    Page 3 


   82 0000001A 680A            LDR              R2, [R1]
   83 0000001C F002 0210       AND              R2, #0x10
   84 00000020 2A00            CMP              R2, #0
   85 00000022 D1FA            BNE              recheck_cmd
   86 00000024 4770            BX               LR          ;   return
   87 00000026         
   88 00000026         ; This is a helper function that sends an 8-bit data to 
                       the LCD.
   89 00000026         ; Input: R0  8-bit data to transmit
   90 00000026         ; Output: none
   91 00000026         ; Assumes: SSI0 and port A have already been initialized
                        and enabled
   92 00000026         writedata
   93 00000026         ;1) Read SSI0_SR_R and check bit 1, 
   94 00000026         ;2) If bit 1 is low loop back to step 1 (wait for TNF bi
                       t to be high)
   95 00000026         ;3) Set D/C=PA6 to one
   96 00000026         ;4) Write the 8-bit data to SSI0_DR_R
   97 00000026         
   98 00000026         
   99 00000026 4906            LDR              R1, =SSI0_SR_R
  100 00000028         check_data
  101 00000028 680A            LDR              R2, [R1]
  102 0000002A F002 0201       AND              R2, #0x1
  103 0000002E 2A00            CMP              R2, #0
  104 00000030 D0FA            BEQ              check_data
  105 00000032 4904            LDR              R1, =DC
  106 00000034 F04F 0240       LDR              R2, =DC_DATA
  107 00000038 600A            STR              R2, [R1]
  108 0000003A 4903            LDR              R1, =SSI0_DR_R
  109 0000003C 7008            STRB             R0, [R1]
  110 0000003E 4770            BX               LR          ;   return
  111 00000040         
  112 00000040         
  113 00000040         ;***************************************************
  114 00000040         ; This is a library for the Adafruit 1.8" SPI display.
  115 00000040         ; This library works with the Adafruit 1.8" TFT Breakout
                        w/SD card
  116 00000040         ; ----> http://www.adafruit.com/products/358
  117 00000040         ; as well as Adafruit raw 1.8" TFT display
  118 00000040         ; ----> http://www.adafruit.com/products/618
  119 00000040         ;
  120 00000040         ; Check out the links above for our tutorials and wiring
                        diagrams
  121 00000040         ; These displays use SPI to communicate, 4 or 5 pins are
                        required to
  122 00000040         ; interface (RST is optional)
  123 00000040         ; Adafruit invests time and resources providing this ope
                       n source code,
  124 00000040         ; please support Adafruit and open-source hardware by pu
                       rchasing
  125 00000040         ; products from Adafruit!
  126 00000040         ;
  127 00000040         ; Written by Limor Fried/Ladyada for Adafruit Industries
                       .
  128 00000040         ; MIT license, all text above must be included in any re
                       distribution
  129 00000040         ;****************************************************
  130 00000040         



ARM Macro Assembler    Page 4 


  131 00000040                 ALIGN                        ; make sure the end
                                                             of this section is
                                                             aligned
  132 00000040                 END                          ; end of file
              4000800C 
              40004100 
              40008008 
Command Line: --debug --xref --cpu=Cortex-M4 --apcs=interwork --depend=.\lcd.d 
-o.\lcd.o -IC:\Keil\ARM\RV31\INC -IC:\Keil\ARM\CMSIS\Include -IC:\Keil\ARM\Inc\
Luminary --list=.\lcd.lst LCD.s



ARM Macro Assembler    Page 1 Alphabetic symbol ordering
Relocatable symbols

.text 00000000

Symbol: .text
   Definitions
      At line 35 in file LCD.s
   Uses
      None
Comment: .text unused
check_cmd 00000002

Symbol: check_cmd
   Definitions
      At line 70 in file LCD.s
   Uses
      At line 74 in file LCD.s
Comment: check_cmd used once
check_data 00000028

Symbol: check_data
   Definitions
      At line 100 in file LCD.s
   Uses
      At line 104 in file LCD.s
Comment: check_data used once
recheck_cmd 0000001A

Symbol: recheck_cmd
   Definitions
      At line 81 in file LCD.s
   Uses
      At line 85 in file LCD.s
Comment: recheck_cmd used once
writecommand 00000000

Symbol: writecommand
   Definitions
      At line 61 in file LCD.s
   Uses
      At line 32 in file LCD.s
Comment: writecommand used once
writedata 00000026

Symbol: writedata
   Definitions
      At line 92 in file LCD.s
   Uses
      At line 33 in file LCD.s
Comment: writedata used once
6 symbols



ARM Macro Assembler    Page 1 Alphabetic symbol ordering
Absolute symbols

DC 40004100

Symbol: DC
   Definitions
      At line 28 in file LCD.s
   Uses
      At line 75 in file LCD.s
      At line 105 in file LCD.s

DC_COMMAND 00000000

Symbol: DC_COMMAND
   Definitions
      At line 29 in file LCD.s
   Uses
      At line 76 in file LCD.s
Comment: DC_COMMAND used once
DC_DATA 00000040

Symbol: DC_DATA
   Definitions
      At line 30 in file LCD.s
   Uses
      At line 106 in file LCD.s
Comment: DC_DATA used once
GPIO_PORTA_DATA_R 400043FC

Symbol: GPIO_PORTA_DATA_R
   Definitions
      At line 22 in file LCD.s
   Uses
      None
Comment: GPIO_PORTA_DATA_R unused
SSI0_DR_R 40008008

Symbol: SSI0_DR_R
   Definitions
      At line 23 in file LCD.s
   Uses
      At line 78 in file LCD.s
      At line 108 in file LCD.s

SSI0_SR_R 4000800C

Symbol: SSI0_SR_R
   Definitions
      At line 24 in file LCD.s
   Uses
      At line 69 in file LCD.s
      At line 80 in file LCD.s
      At line 99 in file LCD.s

SSI_SR_BSY 00000010

Symbol: SSI_SR_BSY
   Definitions
      At line 26 in file LCD.s
   Uses
      None



ARM Macro Assembler    Page 2 Alphabetic symbol ordering
Absolute symbols

Comment: SSI_SR_BSY unused
SSI_SR_RNE 00000004

Symbol: SSI_SR_RNE
   Definitions
      At line 25 in file LCD.s
   Uses
      None
Comment: SSI_SR_RNE unused
SSI_SR_TNF 00000002

Symbol: SSI_SR_TNF
   Definitions
      At line 27 in file LCD.s
   Uses
      None
Comment: SSI_SR_TNF unused
9 symbols
347 symbols in table
